<?xml version="1.0" encoding="UTF-8"?>
<!-- Generated by org.testng.reporters.JUnitReportReporter -->
<testsuite hostname="LAPTOP-IF2LQPSQ" failures="0" tests="46" name="console_script.Runner" time="21.798" errors="0" timestamp="2024-09-26T21:57:56 IST" skipped="0">
  <testcase classname="console_script.Runner" name="runScenario" time="0.171"/>
  <system-out/>
  <testcase classname="console_script.Runner" name="runScenario" time="0.167"/>
  <system-out/>
  <testcase classname="console_script.Runner" name="runScenario" time="0.174"/>
  <system-out/>
  <testcase classname="console_script.Runner" name="runScenario" time="0.186"/>
  <system-out/>
  <testcase classname="console_script.Runner" name="runScenario" time="0.312"/>
  <system-out/>
  <testcase classname="console_script.Runner" name="runScenario" time="0.382"/>
  <system-out/>
  <testcase classname="console_script.Runner" name="runScenario" time="0.204"/>
  <system-out/>
  <testcase classname="console_script.Runner" name="runScenario" time="0.232"/>
  <system-out/>
  <testcase classname="console_script.Runner" name="runScenario" time="0.177"/>
  <system-out/>
  <testcase classname="console_script.Runner" name="runScenario" time="0.195"/>
  <system-out/>
  <testcase classname="console_script.Runner" name="runScenario" time="0.222"/>
  <system-out/>
  <testcase classname="console_script.Runner" name="runScenario" time="0.164"/>
  <system-out/>
  <testcase classname="console_script.Runner" name="runScenario" time="0.237"/>
  <system-out/>
  <testcase classname="console_script.Runner" name="runScenario" time="0.178"/>
  <system-out/>
  <testcase classname="console_script.Runner" name="runScenario" time="0.111"/>
  <system-out/>
  <testcase classname="console_script.Runner" name="runScenario" time="1.193"/>
  <system-out/>
  <testcase classname="console_script.Runner" name="runScenario" time="0.290"/>
  <system-out/>
  <testcase classname="console_script.Runner" name="runScenario" time="0.195"/>
  <system-out/>
  <testcase classname="console_script.Runner" name="runScenario" time="0.328"/>
  <system-out/>
  <testcase classname="console_script.Runner" name="runScenario" time="0.232"/>
  <system-out/>
  <testcase classname="console_script.Runner" name="runScenario" time="0.228"/>
  <system-out/>
  <testcase classname="console_script.Runner" name="runScenario" time="0.389"/>
  <system-out/>
  <testcase classname="console_script.Runner" name="runScenario" time="0.209"/>
  <system-out/>
  <testcase classname="console_script.Runner" name="runScenario" time="0.414"/>
  <system-out/>
  <testcase classname="console_script.Runner" name="runScenario" time="0.208"/>
  <system-out/>
  <testcase classname="console_script.Runner" name="runScenario" time="0.308"/>
  <system-out/>
  <testcase classname="console_script.Runner" name="runScenario" time="0.219"/>
  <system-out/>
  <testcase classname="console_script.Runner" name="runScenario" time="0.211"/>
  <system-out/>
  <testcase classname="console_script.Runner" name="runScenario" time="0.783"/>
  <system-out/>
  <testcase classname="console_script.Runner" name="runScenario" time="0.377"/>
  <system-out/>
  <testcase classname="console_script.Runner" name="runScenario" time="0.220"/>
  <system-out/>
  <testcase classname="console_script.Runner" name="runScenario" time="0.311"/>
  <system-out/>
  <testcase classname="console_script.Runner" name="runScenario" time="0.374"/>
  <system-out/>
  <testcase classname="console_script.Runner" name="runScenario" time="0.420"/>
  <system-out/>
  <testcase classname="console_script.Runner" name="runScenario" time="1.373"/>
  <system-out/>
  <testcase classname="console_script.Runner" name="runScenario" time="0.295"/>
  <system-out/>
  <testcase classname="console_script.Runner" name="runScenario" time="0.763"/>
  <system-out/>
  <testcase classname="console_script.Runner" name="runScenario" time="3.610"/>
  <system-out/>
  <testcase classname="console_script.Runner" name="runScenario" time="0.161"/>
  <system-out/>
  <testcase classname="console_script.Runner" name="runScenario" time="0.199"/>
  <system-out/>
  <testcase classname="console_script.Runner" name="runScenario" time="4.530"/>
  <system-out/>
  <testcase classname="console_script.Runner" name="runScenario" time="0.204"/>
  <system-out/>
  <testcase classname="console_script.Runner" name="runScenario" time="0.085"/>
  <system-out/>
  <testcase classname="console_script.Runner" name="runScenario" time="0.156"/>
  <system-out/>
  <testcase classname="console_script.Runner" name="runScenario" time="0.170"/>
  <system-out/>
  <testcase classname="console_script.Runner" name="runScenario" time="0.231"/>
  <system-out/>
</testsuite> <!-- console_script.Runner -->
