<?xml version="1.0" encoding="UTF-8"?>
<!-- Generated by org.testng.reporters.JUnitReportReporter -->
<testsuite hostname="CONTUS-LAP-194" failures="0" tests="22" name="console_script.Runner" time="67.240" errors="0" timestamp="2024-09-25T19:20:10 IST" skipped="0">
  <testcase classname="console_script.Runner" name="runScenario" time="11.430"/>
  <system-out/>
  <testcase classname="console_script.Runner" name="runScenario" time="2.601"/>
  <system-out/>
  <testcase classname="console_script.Runner" name="runScenario" time="2.798"/>
  <system-out/>
  <testcase classname="console_script.Runner" name="runScenario" time="2.778"/>
  <system-out/>
  <testcase classname="console_script.Runner" name="runScenario" time="2.669"/>
  <system-out/>
  <testcase classname="console_script.Runner" name="runScenario" time="0.239"/>
  <system-out/>
  <testcase classname="console_script.Runner" name="runScenario" time="2.547"/>
  <system-out/>
  <testcase classname="console_script.Runner" name="runScenario" time="2.569"/>
  <system-out/>
  <testcase classname="console_script.Runner" name="runScenario" time="4.067"/>
  <system-out/>
  <testcase classname="console_script.Runner" name="runScenario" time="2.721"/>
  <system-out/>
  <testcase classname="console_script.Runner" name="runScenario" time="2.532"/>
  <system-out/>
  <testcase classname="console_script.Runner" name="runScenario" time="2.553"/>
  <system-out/>
  <testcase classname="console_script.Runner" name="runScenario" time="2.976"/>
  <system-out/>
  <testcase classname="console_script.Runner" name="runScenario" time="2.471"/>
  <system-out/>
  <testcase classname="console_script.Runner" name="runScenario" time="3.111"/>
  <system-out/>
  <testcase classname="console_script.Runner" name="runScenario" time="2.940"/>
  <system-out/>
  <testcase classname="console_script.Runner" name="runScenario" time="2.802"/>
  <system-out/>
  <testcase classname="console_script.Runner" name="runScenario" time="2.451"/>
  <system-out/>
  <testcase classname="console_script.Runner" name="runScenario" time="2.856"/>
  <system-out/>
  <testcase classname="console_script.Runner" name="runScenario" time="2.691"/>
  <system-out/>
  <testcase classname="console_script.Runner" name="runScenario" time="2.613"/>
  <system-out/>
  <testcase classname="console_script.Runner" name="runScenario" time="2.825"/>
  <system-out/>
</testsuite> <!-- console_script.Runner -->
