<?xml version="1.0" encoding="UTF-8"?>
<!-- Generated by org.testng.reporters.JUnitReportReporter -->
<testsuite hostname="LAPTOP-IF2LQPSQ" failures="0" tests="50" name="console_script.Runner" time="22.519" errors="4" timestamp="2024-09-28T00:02:21 IST" skipped="0">
  <testcase classname="console_script.Runner" name="runScenario" time="0.365"/>
  <system-out/>
  <testcase classname="console_script.Runner" name="runScenario" time="0.431"/>
  <system-out/>
  <testcase classname="console_script.Runner" name="runScenario" time="0.506"/>
  <system-out/>
  <testcase classname="console_script.Runner" name="runScenario" time="0.398"/>
  <system-out/>
  <testcase classname="console_script.Runner" name="runScenario" time="0.361"/>
  <system-out/>
  <testcase classname="console_script.Runner" name="runScenario" time="0.004">
    <error message="The step &#039;Get the value on the Trial Customers on the dashboard&#039; and 2 other step(s) are undefined.
You can implement these steps using the snippet(s) below:

@Given(&quot;Get the value on the Trial Customers on the dashboard&quot;)
public void get_the_value_on_the_trial_customers_on_the_dashboard() {
    // Write code here that turns the phrase above into concrete actions
    throw new io.cucumber.java.PendingException();
}
@Given(&quot;Click on the view details by total paid customer&quot;)
public void click_on_the_view_details_by_total_paid_customer() {
    // Write code here that turns the phrase above into concrete actions
    throw new io.cucumber.java.PendingException();
}
@When(&quot;Total Paid Customers value on the dashboard and on the payments page is equal&quot;)
public void total_paid_customers_value_on_the_dashboard_and_on_the_payments_page_is_equal() {
    // Write code here that turns the phrase above into concrete actions
    throw new io.cucumber.java.PendingException();
}
" type="io.cucumber.testng.UndefinedStepException">
      <![CDATA[io.cucumber.testng.UndefinedStepException: The step 'Get the value on the Trial Customers on the dashboard' and 2 other step(s) are undefined.
You can implement these steps using the snippet(s) below:

@Given("Get the value on the Trial Customers on the dashboard")
public void get_the_value_on_the_trial_customers_on_the_dashboard() {
    // Write code here that turns the phrase above into concrete actions
    throw new io.cucumber.java.PendingException();
}
@Given("Click on the view details by total paid customer")
public void click_on_the_view_details_by_total_paid_customer() {
    // Write code here that turns the phrase above into concrete actions
    throw new io.cucumber.java.PendingException();
}
@When("Total Paid Customers value on the dashboard and on the payments page is equal")
public void total_paid_customers_value_on_the_dashboard_and_on_the_payments_page_is_equal() {
    // Write code here that turns the phrase above into concrete actions
    throw new io.cucumber.java.PendingException();
}

at io.cucumber.core.runtime.TestCaseResultObserver.assertTestCasePassed(TestCaseResultObserver.java:69)
at io.cucumber.testng.TestCaseResultObserver.assertTestCasePassed(TestCaseResultObserver.java:23)
at io.cucumber.testng.TestNGCucumberRunner.lambda$runScenario$1(TestNGCucumberRunner.java:133)
at io.cucumber.core.runtime.CucumberExecutionContext.lambda$runTestCase$5(CucumberExecutionContext.java:136)
at io.cucumber.core.runtime.RethrowingThrowableCollector.executeAndThrow(RethrowingThrowableCollector.java:23)
at io.cucumber.core.runtime.CucumberExecutionContext.runTestCase(CucumberExecutionContext.java:136)
at io.cucumber.testng.TestNGCucumberRunner.runScenario(TestNGCucumberRunner.java:129)
at io.cucumber.testng.AbstractTestNGCucumberTests.runScenario(AbstractTestNGCucumberTests.java:35)
at java.base/jdk.internal.reflect.DirectMethodHandleAccessor.invoke(DirectMethodHandleAccessor.java:103)
at java.base/java.lang.reflect.Method.invoke(Method.java:580)
at org.testng.internal.MethodInvocationHelper.invokeMethod(MethodInvocationHelper.java:133)
at org.testng.internal.TestInvoker.invokeMethod(TestInvoker.java:598)
at org.testng.internal.TestInvoker.invokeTestMethod(TestInvoker.java:173)
at org.testng.internal.MethodRunner.runInSequence(MethodRunner.java:46)
at org.testng.internal.TestInvoker$MethodInvocationAgent.invoke(TestInvoker.java:824)
at org.testng.internal.TestInvoker.invokeTestMethods(TestInvoker.java:146)
at org.testng.internal.TestMethodWorker.invokeTestMethods(TestMethodWorker.java:146)
at org.testng.internal.TestMethodWorker.run(TestMethodWorker.java:128)
at java.base/java.util.ArrayList.forEach(ArrayList.java:1596)
at org.testng.TestRunner.privateRun(TestRunner.java:794)
at org.testng.TestRunner.run(TestRunner.java:596)
at org.testng.SuiteRunner.runTest(SuiteRunner.java:377)
at org.testng.SuiteRunner.runSequentially(SuiteRunner.java:371)
at org.testng.SuiteRunner.privateRun(SuiteRunner.java:332)
at org.testng.SuiteRunner.run(SuiteRunner.java:276)
at org.testng.SuiteRunnerWorker.runSuite(SuiteRunnerWorker.java:53)
at org.testng.SuiteRunnerWorker.run(SuiteRunnerWorker.java:96)
at org.testng.TestNG.runSuitesSequentially(TestNG.java:1212)
at org.testng.TestNG.runSuitesLocally(TestNG.java:1134)
at org.testng.TestNG.runSuites(TestNG.java:1063)
at org.testng.TestNG.run(TestNG.java:1031)
at org.testng.remote.AbstractRemoteTestNG.run(AbstractRemoteTestNG.java:115)
at org.testng.remote.RemoteTestNG.initAndRun(RemoteTestNG.java:293)
at org.testng.remote.RemoteTestNG.main(RemoteTestNG.java:91)
]]>
    </error>
  </testcase> <!-- runScenario -->
  <system-out/>
  <testcase classname="console_script.Runner" name="runScenario" time="0.181"/>
  <system-out/>
  <testcase classname="console_script.Runner" name="runScenario" time="0.727"/>
  <system-out/>
  <testcase classname="console_script.Runner" name="runScenario" time="0.005">
    <error message="The step &#039;Get the value on the Active Customers on the dashboard&#039; and 2 other step(s) are undefined.
You can implement these steps using the snippet(s) below:

@Given(&quot;Get the value on the Active Customers on the dashboard&quot;)
public void get_the_value_on_the_active_customers_on_the_dashboard() {
    // Write code here that turns the phrase above into concrete actions
    throw new io.cucumber.java.PendingException();
}
@Given(&quot;Click on the view details on active customer&quot;)
public void click_on_the_view_details_on_active_customer() {
    // Write code here that turns the phrase above into concrete actions
    throw new io.cucumber.java.PendingException();
}
@When(&quot;Active Customers value on the dashboard and on the customer is equal&quot;)
public void active_customers_value_on_the_dashboard_and_on_the_customer_is_equal() {
    // Write code here that turns the phrase above into concrete actions
    throw new io.cucumber.java.PendingException();
}
" type="io.cucumber.testng.UndefinedStepException">
      <![CDATA[io.cucumber.testng.UndefinedStepException: The step 'Get the value on the Active Customers on the dashboard' and 2 other step(s) are undefined.
You can implement these steps using the snippet(s) below:

@Given("Get the value on the Active Customers on the dashboard")
public void get_the_value_on_the_active_customers_on_the_dashboard() {
    // Write code here that turns the phrase above into concrete actions
    throw new io.cucumber.java.PendingException();
}
@Given("Click on the view details on active customer")
public void click_on_the_view_details_on_active_customer() {
    // Write code here that turns the phrase above into concrete actions
    throw new io.cucumber.java.PendingException();
}
@When("Active Customers value on the dashboard and on the customer is equal")
public void active_customers_value_on_the_dashboard_and_on_the_customer_is_equal() {
    // Write code here that turns the phrase above into concrete actions
    throw new io.cucumber.java.PendingException();
}

at io.cucumber.core.runtime.TestCaseResultObserver.assertTestCasePassed(TestCaseResultObserver.java:69)
at io.cucumber.testng.TestCaseResultObserver.assertTestCasePassed(TestCaseResultObserver.java:23)
at io.cucumber.testng.TestNGCucumberRunner.lambda$runScenario$1(TestNGCucumberRunner.java:133)
at io.cucumber.core.runtime.CucumberExecutionContext.lambda$runTestCase$5(CucumberExecutionContext.java:136)
at io.cucumber.core.runtime.RethrowingThrowableCollector.executeAndThrow(RethrowingThrowableCollector.java:23)
at io.cucumber.core.runtime.CucumberExecutionContext.runTestCase(CucumberExecutionContext.java:136)
at io.cucumber.testng.TestNGCucumberRunner.runScenario(TestNGCucumberRunner.java:129)
at io.cucumber.testng.AbstractTestNGCucumberTests.runScenario(AbstractTestNGCucumberTests.java:35)
at java.base/jdk.internal.reflect.DirectMethodHandleAccessor.invoke(DirectMethodHandleAccessor.java:103)
at java.base/java.lang.reflect.Method.invoke(Method.java:580)
at org.testng.internal.MethodInvocationHelper.invokeMethod(MethodInvocationHelper.java:133)
at org.testng.internal.TestInvoker.invokeMethod(TestInvoker.java:598)
at org.testng.internal.TestInvoker.invokeTestMethod(TestInvoker.java:173)
at org.testng.internal.MethodRunner.runInSequence(MethodRunner.java:46)
at org.testng.internal.TestInvoker$MethodInvocationAgent.invoke(TestInvoker.java:824)
at org.testng.internal.TestInvoker.invokeTestMethods(TestInvoker.java:146)
at org.testng.internal.TestMethodWorker.invokeTestMethods(TestMethodWorker.java:146)
at org.testng.internal.TestMethodWorker.run(TestMethodWorker.java:128)
at java.base/java.util.ArrayList.forEach(ArrayList.java:1596)
at org.testng.TestRunner.privateRun(TestRunner.java:794)
at org.testng.TestRunner.run(TestRunner.java:596)
at org.testng.SuiteRunner.runTest(SuiteRunner.java:377)
at org.testng.SuiteRunner.runSequentially(SuiteRunner.java:371)
at org.testng.SuiteRunner.privateRun(SuiteRunner.java:332)
at org.testng.SuiteRunner.run(SuiteRunner.java:276)
at org.testng.SuiteRunnerWorker.runSuite(SuiteRunnerWorker.java:53)
at org.testng.SuiteRunnerWorker.run(SuiteRunnerWorker.java:96)
at org.testng.TestNG.runSuitesSequentially(TestNG.java:1212)
at org.testng.TestNG.runSuitesLocally(TestNG.java:1134)
at org.testng.TestNG.runSuites(TestNG.java:1063)
at org.testng.TestNG.run(TestNG.java:1031)
at org.testng.remote.AbstractRemoteTestNG.run(AbstractRemoteTestNG.java:115)
at org.testng.remote.RemoteTestNG.initAndRun(RemoteTestNG.java:293)
at org.testng.remote.RemoteTestNG.main(RemoteTestNG.java:91)
]]>
    </error>
  </testcase> <!-- runScenario -->
  <system-out/>
  <testcase classname="console_script.Runner" name="runScenario" time="0.183"/>
  <system-out/>
  <testcase classname="console_script.Runner" name="runScenario" time="0.367"/>
  <system-out/>
  <testcase classname="console_script.Runner" name="runScenario" time="3.614"/>
  <system-out/>
  <testcase classname="console_script.Runner" name="runScenario" time="0.185"/>
  <system-out/>
  <testcase classname="console_script.Runner" name="runScenario" time="1.283"/>
  <system-out/>
  <testcase classname="console_script.Runner" name="runScenario" time="0.205"/>
  <system-out/>
  <testcase classname="console_script.Runner" name="runScenario" time="0.207"/>
  <system-out/>
  <testcase classname="console_script.Runner" name="runScenario" time="0.175"/>
  <system-out/>
  <testcase classname="console_script.Runner" name="runScenario" time="0.130"/>
  <system-out/>
  <testcase classname="console_script.Runner" name="runScenario" time="0.289"/>
  <system-out/>
  <testcase classname="console_script.Runner" name="runScenario" time="0.187"/>
  <system-out/>
  <testcase classname="console_script.Runner" name="runScenario" time="0.193"/>
  <system-out/>
  <testcase classname="console_script.Runner" name="runScenario" time="0.343"/>
  <system-out/>
  <testcase classname="console_script.Runner" name="runScenario" time="0.241"/>
  <system-out/>
  <testcase classname="console_script.Runner" name="runScenario" time="4.495"/>
  <system-out/>
  <testcase classname="console_script.Runner" name="runScenario" time="0.412"/>
  <system-out/>
  <testcase classname="console_script.Runner" name="runScenario" time="0.204"/>
  <system-out/>
  <testcase classname="console_script.Runner" name="runScenario" time="0.213"/>
  <system-out/>
  <testcase classname="console_script.Runner" name="runScenario" time="0.340"/>
  <system-out/>
  <testcase classname="console_script.Runner" name="runScenario" time="0.236"/>
  <system-out/>
  <testcase classname="console_script.Runner" name="runScenario" time="0.305"/>
  <system-out/>
  <testcase classname="console_script.Runner" name="runScenario" time="0.230"/>
  <system-out/>
  <testcase classname="console_script.Runner" name="runScenario" time="0.335"/>
  <system-out/>
  <testcase classname="console_script.Runner" name="runScenario" time="0.177"/>
  <system-out/>
  <testcase classname="console_script.Runner" name="runScenario" time="0.228"/>
  <system-out/>
  <testcase classname="console_script.Runner" name="runScenario" time="0.203"/>
  <system-out/>
  <testcase classname="console_script.Runner" name="runScenario" time="0.394"/>
  <system-out/>
  <testcase classname="console_script.Runner" name="runScenario" time="0.503"/>
  <system-out/>
  <testcase classname="console_script.Runner" name="runScenario" time="0.188"/>
  <system-out/>
  <testcase classname="console_script.Runner" name="runScenario" time="0.004">
    <error message="The step &#039;Get the value on the Trial Customers on the dashboard&#039; and 2 other step(s) are undefined.
You can implement these steps using the snippet(s) below:

@Given(&quot;Get the value on the Trial Customers on the dashboard&quot;)
public void get_the_value_on_the_trial_customers_on_the_dashboard() {
    // Write code here that turns the phrase above into concrete actions
    throw new io.cucumber.java.PendingException();
}
@Given(&quot;Click on the view details on trial customer&quot;)
public void click_on_the_view_details_on_trial_customer() {
    // Write code here that turns the phrase above into concrete actions
    throw new io.cucumber.java.PendingException();
}
@When(&quot;Trial Customers value on the dashboard and on the customer is equal&quot;)
public void trial_customers_value_on_the_dashboard_and_on_the_customer_is_equal() {
    // Write code here that turns the phrase above into concrete actions
    throw new io.cucumber.java.PendingException();
}
" type="io.cucumber.testng.UndefinedStepException">
      <![CDATA[io.cucumber.testng.UndefinedStepException: The step 'Get the value on the Trial Customers on the dashboard' and 2 other step(s) are undefined.
You can implement these steps using the snippet(s) below:

@Given("Get the value on the Trial Customers on the dashboard")
public void get_the_value_on_the_trial_customers_on_the_dashboard() {
    // Write code here that turns the phrase above into concrete actions
    throw new io.cucumber.java.PendingException();
}
@Given("Click on the view details on trial customer")
public void click_on_the_view_details_on_trial_customer() {
    // Write code here that turns the phrase above into concrete actions
    throw new io.cucumber.java.PendingException();
}
@When("Trial Customers value on the dashboard and on the customer is equal")
public void trial_customers_value_on_the_dashboard_and_on_the_customer_is_equal() {
    // Write code here that turns the phrase above into concrete actions
    throw new io.cucumber.java.PendingException();
}

at io.cucumber.core.runtime.TestCaseResultObserver.assertTestCasePassed(TestCaseResultObserver.java:69)
at io.cucumber.testng.TestCaseResultObserver.assertTestCasePassed(TestCaseResultObserver.java:23)
at io.cucumber.testng.TestNGCucumberRunner.lambda$runScenario$1(TestNGCucumberRunner.java:133)
at io.cucumber.core.runtime.CucumberExecutionContext.lambda$runTestCase$5(CucumberExecutionContext.java:136)
at io.cucumber.core.runtime.RethrowingThrowableCollector.executeAndThrow(RethrowingThrowableCollector.java:23)
at io.cucumber.core.runtime.CucumberExecutionContext.runTestCase(CucumberExecutionContext.java:136)
at io.cucumber.testng.TestNGCucumberRunner.runScenario(TestNGCucumberRunner.java:129)
at io.cucumber.testng.AbstractTestNGCucumberTests.runScenario(AbstractTestNGCucumberTests.java:35)
at java.base/jdk.internal.reflect.DirectMethodHandleAccessor.invoke(DirectMethodHandleAccessor.java:103)
at java.base/java.lang.reflect.Method.invoke(Method.java:580)
at org.testng.internal.MethodInvocationHelper.invokeMethod(MethodInvocationHelper.java:133)
at org.testng.internal.TestInvoker.invokeMethod(TestInvoker.java:598)
at org.testng.internal.TestInvoker.invokeTestMethod(TestInvoker.java:173)
at org.testng.internal.MethodRunner.runInSequence(MethodRunner.java:46)
at org.testng.internal.TestInvoker$MethodInvocationAgent.invoke(TestInvoker.java:824)
at org.testng.internal.TestInvoker.invokeTestMethods(TestInvoker.java:146)
at org.testng.internal.TestMethodWorker.invokeTestMethods(TestMethodWorker.java:146)
at org.testng.internal.TestMethodWorker.run(TestMethodWorker.java:128)
at java.base/java.util.ArrayList.forEach(ArrayList.java:1596)
at org.testng.TestRunner.privateRun(TestRunner.java:794)
at org.testng.TestRunner.run(TestRunner.java:596)
at org.testng.SuiteRunner.runTest(SuiteRunner.java:377)
at org.testng.SuiteRunner.runSequentially(SuiteRunner.java:371)
at org.testng.SuiteRunner.privateRun(SuiteRunner.java:332)
at org.testng.SuiteRunner.run(SuiteRunner.java:276)
at org.testng.SuiteRunnerWorker.runSuite(SuiteRunnerWorker.java:53)
at org.testng.SuiteRunnerWorker.run(SuiteRunnerWorker.java:96)
at org.testng.TestNG.runSuitesSequentially(TestNG.java:1212)
at org.testng.TestNG.runSuitesLocally(TestNG.java:1134)
at org.testng.TestNG.runSuites(TestNG.java:1063)
at org.testng.TestNG.run(TestNG.java:1031)
at org.testng.remote.AbstractRemoteTestNG.run(AbstractRemoteTestNG.java:115)
at org.testng.remote.RemoteTestNG.initAndRun(RemoteTestNG.java:293)
at org.testng.remote.RemoteTestNG.main(RemoteTestNG.java:91)
]]>
    </error>
  </testcase> <!-- runScenario -->
  <system-out/>
  <testcase classname="console_script.Runner" name="runScenario" time="0.216"/>
  <system-out/>
  <testcase classname="console_script.Runner" name="runScenario" time="0.102"/>
  <system-out/>
  <testcase classname="console_script.Runner" name="runScenario" time="0.682"/>
  <system-out/>
  <testcase classname="console_script.Runner" name="runScenario" time="0.213"/>
  <system-out/>
  <testcase classname="console_script.Runner" name="runScenario" time="0.153"/>
  <system-out/>
  <testcase classname="console_script.Runner" name="runScenario" time="0.035">
    <error message="The step &#039;Get the value on the total customer on the dashboard&#039; and 2 other step(s) are undefined.
You can implement these steps using the snippet(s) below:

@Given(&quot;Get the value on the total customer on the dashboard&quot;)
public void get_the_value_on_the_total_customer_on_the_dashboard() {
    // Write code here that turns the phrase above into concrete actions
    throw new io.cucumber.java.PendingException();
}
@Given(&quot;Click on the view details on total customer&quot;)
public void click_on_the_view_details_on_total_customer() {
    // Write code here that turns the phrase above into concrete actions
    throw new io.cucumber.java.PendingException();
}
@When(&quot;total customer value on the dashboard and on the customer is equal&quot;)
public void total_customer_value_on_the_dashboard_and_on_the_customer_is_equal() {
    // Write code here that turns the phrase above into concrete actions
    throw new io.cucumber.java.PendingException();
}
" type="io.cucumber.testng.UndefinedStepException">
      <![CDATA[io.cucumber.testng.UndefinedStepException: The step 'Get the value on the total customer on the dashboard' and 2 other step(s) are undefined.
You can implement these steps using the snippet(s) below:

@Given("Get the value on the total customer on the dashboard")
public void get_the_value_on_the_total_customer_on_the_dashboard() {
    // Write code here that turns the phrase above into concrete actions
    throw new io.cucumber.java.PendingException();
}
@Given("Click on the view details on total customer")
public void click_on_the_view_details_on_total_customer() {
    // Write code here that turns the phrase above into concrete actions
    throw new io.cucumber.java.PendingException();
}
@When("total customer value on the dashboard and on the customer is equal")
public void total_customer_value_on_the_dashboard_and_on_the_customer_is_equal() {
    // Write code here that turns the phrase above into concrete actions
    throw new io.cucumber.java.PendingException();
}

at io.cucumber.core.runtime.TestCaseResultObserver.assertTestCasePassed(TestCaseResultObserver.java:69)
at io.cucumber.testng.TestCaseResultObserver.assertTestCasePassed(TestCaseResultObserver.java:23)
at io.cucumber.testng.TestNGCucumberRunner.lambda$runScenario$1(TestNGCucumberRunner.java:133)
at io.cucumber.core.runtime.CucumberExecutionContext.lambda$runTestCase$5(CucumberExecutionContext.java:136)
at io.cucumber.core.runtime.RethrowingThrowableCollector.executeAndThrow(RethrowingThrowableCollector.java:23)
at io.cucumber.core.runtime.CucumberExecutionContext.runTestCase(CucumberExecutionContext.java:136)
at io.cucumber.testng.TestNGCucumberRunner.runScenario(TestNGCucumberRunner.java:129)
at io.cucumber.testng.AbstractTestNGCucumberTests.runScenario(AbstractTestNGCucumberTests.java:35)
at java.base/jdk.internal.reflect.DirectMethodHandleAccessor.invoke(DirectMethodHandleAccessor.java:103)
at java.base/java.lang.reflect.Method.invoke(Method.java:580)
at org.testng.internal.MethodInvocationHelper.invokeMethod(MethodInvocationHelper.java:133)
at org.testng.internal.TestInvoker.invokeMethod(TestInvoker.java:598)
at org.testng.internal.TestInvoker.invokeTestMethod(TestInvoker.java:173)
at org.testng.internal.MethodRunner.runInSequence(MethodRunner.java:46)
at org.testng.internal.TestInvoker$MethodInvocationAgent.invoke(TestInvoker.java:824)
at org.testng.internal.TestInvoker.invokeTestMethods(TestInvoker.java:146)
at org.testng.internal.TestMethodWorker.invokeTestMethods(TestMethodWorker.java:146)
at org.testng.internal.TestMethodWorker.run(TestMethodWorker.java:128)
at java.base/java.util.ArrayList.forEach(ArrayList.java:1596)
at org.testng.TestRunner.privateRun(TestRunner.java:794)
at org.testng.TestRunner.run(TestRunner.java:596)
at org.testng.SuiteRunner.runTest(SuiteRunner.java:377)
at org.testng.SuiteRunner.runSequentially(SuiteRunner.java:371)
at org.testng.SuiteRunner.privateRun(SuiteRunner.java:332)
at org.testng.SuiteRunner.run(SuiteRunner.java:276)
at org.testng.SuiteRunnerWorker.runSuite(SuiteRunnerWorker.java:53)
at org.testng.SuiteRunnerWorker.run(SuiteRunnerWorker.java:96)
at org.testng.TestNG.runSuitesSequentially(TestNG.java:1212)
at org.testng.TestNG.runSuitesLocally(TestNG.java:1134)
at org.testng.TestNG.runSuites(TestNG.java:1063)
at org.testng.TestNG.run(TestNG.java:1031)
at org.testng.remote.AbstractRemoteTestNG.run(AbstractRemoteTestNG.java:115)
at org.testng.remote.RemoteTestNG.initAndRun(RemoteTestNG.java:293)
at org.testng.remote.RemoteTestNG.main(RemoteTestNG.java:91)
]]>
    </error>
  </testcase> <!-- runScenario -->
  <system-out/>
  <testcase classname="console_script.Runner" name="runScenario" time="0.374"/>
  <system-out/>
  <testcase classname="console_script.Runner" name="runScenario" time="0.359"/>
  <system-out/>
  <testcase classname="console_script.Runner" name="runScenario" time="0.802"/>
  <system-out/>
  <testcase classname="console_script.Runner" name="runScenario" time="0.219"/>
  <system-out/>
  <testcase classname="console_script.Runner" name="runScenario" time="0.317"/>
  <system-out/>
</testsuite> <!-- console_script.Runner -->
