<?xml version="1.0" encoding="UTF-8"?>
<!-- Generated by org.testng.reporters.JUnitReportReporter -->
<testsuite hostname="LAPTOP-IF2LQPSQ" failures="0" tests="54" name="console_script.Runner" time="32.876" errors="0" timestamp="2024-09-28T16:36:14 IST" skipped="0">
  <testcase classname="console_script.Runner" name="runScenario" time="0.226"/>
  <system-out/>
  <testcase classname="console_script.Runner" name="runScenario" time="0.188"/>
  <system-out/>
  <testcase classname="console_script.Runner" name="runScenario" time="0.723"/>
  <system-out/>
  <testcase classname="console_script.Runner" name="runScenario" time="1.943"/>
  <system-out/>
  <testcase classname="console_script.Runner" name="runScenario" time="0.498"/>
  <system-out/>
  <testcase classname="console_script.Runner" name="runScenario" time="0.238"/>
  <system-out/>
  <testcase classname="console_script.Runner" name="runScenario" time="2.094"/>
  <system-out/>
  <testcase classname="console_script.Runner" name="runScenario" time="0.491"/>
  <system-out/>
  <testcase classname="console_script.Runner" name="runScenario" time="0.299"/>
  <system-out/>
  <testcase classname="console_script.Runner" name="runScenario" time="0.145"/>
  <system-out/>
  <testcase classname="console_script.Runner" name="runScenario" time="0.699"/>
  <system-out/>
  <testcase classname="console_script.Runner" name="runScenario" time="3.029"/>
  <system-out/>
  <testcase classname="console_script.Runner" name="runScenario" time="1.612"/>
  <system-out/>
  <testcase classname="console_script.Runner" name="runScenario" time="0.248"/>
  <system-out/>
  <testcase classname="console_script.Runner" name="runScenario" time="0.166"/>
  <system-out/>
  <testcase classname="console_script.Runner" name="runScenario" time="0.507"/>
  <system-out/>
  <testcase classname="console_script.Runner" name="runScenario" time="0.227"/>
  <system-out/>
  <testcase classname="console_script.Runner" name="runScenario" time="0.288"/>
  <system-out/>
  <testcase classname="console_script.Runner" name="runScenario" time="0.105"/>
  <system-out/>
  <testcase classname="console_script.Runner" name="runScenario" time="0.173"/>
  <system-out/>
  <testcase classname="console_script.Runner" name="runScenario" time="0.288"/>
  <system-out/>
  <testcase classname="console_script.Runner" name="runScenario" time="0.238"/>
  <system-out/>
  <testcase classname="console_script.Runner" name="runScenario" time="0.265"/>
  <system-out/>
  <testcase classname="console_script.Runner" name="runScenario" time="1.000"/>
  <system-out/>
  <testcase classname="console_script.Runner" name="runScenario" time="0.223"/>
  <system-out/>
  <testcase classname="console_script.Runner" name="runScenario" time="0.220"/>
  <system-out/>
  <testcase classname="console_script.Runner" name="runScenario" time="1.509"/>
  <system-out/>
  <testcase classname="console_script.Runner" name="runScenario" time="0.339"/>
  <system-out/>
  <testcase classname="console_script.Runner" name="runScenario" time="0.373"/>
  <system-out/>
  <testcase classname="console_script.Runner" name="runScenario" time="2.008"/>
  <system-out/>
  <testcase classname="console_script.Runner" name="runScenario" time="0.174"/>
  <system-out/>
  <testcase classname="console_script.Runner" name="runScenario" time="0.222"/>
  <system-out/>
  <testcase classname="console_script.Runner" name="runScenario" time="1.949"/>
  <system-out/>
  <testcase classname="console_script.Runner" name="runScenario" time="0.248"/>
  <system-out/>
  <testcase classname="console_script.Runner" name="runScenario" time="0.245"/>
  <system-out/>
  <testcase classname="console_script.Runner" name="runScenario" time="0.656"/>
  <system-out/>
  <testcase classname="console_script.Runner" name="runScenario" time="0.214"/>
  <system-out/>
  <testcase classname="console_script.Runner" name="runScenario" time="0.209"/>
  <system-out/>
  <testcase classname="console_script.Runner" name="runScenario" time="0.131"/>
  <system-out/>
  <testcase classname="console_script.Runner" name="runScenario" time="0.326"/>
  <system-out/>
  <testcase classname="console_script.Runner" name="runScenario" time="0.228"/>
  <system-out/>
  <testcase classname="console_script.Runner" name="runScenario" time="0.464"/>
  <system-out/>
  <testcase classname="console_script.Runner" name="runScenario" time="0.309"/>
  <system-out/>
  <testcase classname="console_script.Runner" name="runScenario" time="1.525"/>
  <system-out/>
  <testcase classname="console_script.Runner" name="runScenario" time="0.310"/>
  <system-out/>
  <testcase classname="console_script.Runner" name="runScenario" time="0.312"/>
  <system-out/>
  <testcase classname="console_script.Runner" name="runScenario" time="0.180"/>
  <system-out/>
  <testcase classname="console_script.Runner" name="runScenario" time="1.298"/>
  <system-out/>
  <testcase classname="console_script.Runner" name="runScenario" time="1.923"/>
  <system-out/>
  <testcase classname="console_script.Runner" name="runScenario" time="0.445"/>
  <system-out/>
  <testcase classname="console_script.Runner" name="runScenario" time="0.181"/>
  <system-out/>
  <testcase classname="console_script.Runner" name="runScenario" time="0.290"/>
  <system-out/>
  <testcase classname="console_script.Runner" name="runScenario" time="0.450"/>
  <system-out/>
  <testcase classname="console_script.Runner" name="runScenario" time="0.225"/>
  <system-out/>
</testsuite> <!-- console_script.Runner -->
