<?xml version="1.0" encoding="UTF-8"?>
<!-- Generated by org.testng.reporters.JUnitReportReporter -->
<testsuite hostname="CONTUS-LAP-194" failures="0" tests="50" name="console_script.Runner" time="41.969" errors="4" timestamp="2024-09-27T20:02:57 IST" skipped="0">
  <testcase classname="console_script.Runner" name="runScenario" time="0.845"/>
  <system-out/>
  <testcase classname="console_script.Runner" name="runScenario" time="0.503"/>
  <system-out/>
  <testcase classname="console_script.Runner" name="runScenario" time="0.450"/>
  <system-out/>
  <testcase classname="console_script.Runner" name="runScenario" time="0.975"/>
  <system-out/>
  <testcase classname="console_script.Runner" name="runScenario" time="1.144"/>
  <system-out/>
  <testcase classname="console_script.Runner" name="runScenario" time="0.779"/>
  <system-out/>
  <testcase classname="console_script.Runner" name="runScenario" time="0.350"/>
  <system-out/>
  <testcase classname="console_script.Runner" name="runScenario" time="0.888"/>
  <system-out/>
  <testcase classname="console_script.Runner" name="runScenario" time="0.858"/>
  <system-out/>
  <testcase classname="console_script.Runner" name="runScenario" time="0.358"/>
  <system-out/>
  <testcase classname="console_script.Runner" name="runScenario" time="0.567"/>
  <system-out/>
  <testcase classname="console_script.Runner" name="runScenario" time="0.018">
    <error message="TODO: implement me" type="io.cucumber.java.PendingException">
      <![CDATA[io.cucumber.java.PendingException: TODO: implement me
at console_script.sanity.get_the_value_on_the_trial_customers_on_the_dashboard(sanity.java:197)
at ✽.Get the value on the Trial Customers on the dashboard(file:///C:/Users/guruprasad/Desktop/Automation_project/QAconsole_Script/src/main/java/feature_file/sanity_SA.feature:118)
]]>
    </error>
  </testcase> <!-- runScenario -->
  <system-out/>
  <testcase classname="console_script.Runner" name="runScenario" time="0.019">
    <error message="TODO: implement me" type="io.cucumber.java.PendingException">
      <![CDATA[io.cucumber.java.PendingException: TODO: implement me
at console_script.sanity.get_the_value_on_the_trial_customers_on_the_dashboard(sanity.java:197)
at ✽.Get the value on the Trial Customers on the dashboard(file:///C:/Users/guruprasad/Desktop/Automation_project/QAconsole_Script/src/main/java/feature_file/sanity_SA.feature:123)
]]>
    </error>
  </testcase> <!-- runScenario -->
  <system-out/>
  <testcase classname="console_script.Runner" name="runScenario" time="0.033">
    <error message="TODO: implement me" type="io.cucumber.java.PendingException">
      <![CDATA[io.cucumber.java.PendingException: TODO: implement me
at console_script.sanity.get_the_value_on_the_total_customer_on_the_dashboard(sanity.java:161)
at ✽.Get the value on the total customer on the dashboard(file:///C:/Users/guruprasad/Desktop/Automation_project/QAconsole_Script/src/main/java/feature_file/sanity_SA.feature:108)
]]>
    </error>
  </testcase> <!-- runScenario -->
  <system-out/>
  <testcase classname="console_script.Runner" name="runScenario" time="0.639"/>
  <system-out/>
  <testcase classname="console_script.Runner" name="runScenario" time="0.212"/>
  <system-out/>
  <testcase classname="console_script.Runner" name="runScenario" time="0.974"/>
  <system-out/>
  <testcase classname="console_script.Runner" name="runScenario" time="0.547"/>
  <system-out/>
  <testcase classname="console_script.Runner" name="runScenario" time="0.366"/>
  <system-out/>
  <testcase classname="console_script.Runner" name="runScenario" time="0.932"/>
  <system-out/>
  <testcase classname="console_script.Runner" name="runScenario" time="0.398"/>
  <system-out/>
  <testcase classname="console_script.Runner" name="runScenario" time="0.573"/>
  <system-out/>
  <testcase classname="console_script.Runner" name="runScenario" time="0.567"/>
  <system-out/>
  <testcase classname="console_script.Runner" name="runScenario" time="0.350"/>
  <system-out/>
  <testcase classname="console_script.Runner" name="runScenario" time="0.509"/>
  <system-out/>
  <testcase classname="console_script.Runner" name="runScenario" time="6.103"/>
  <system-out/>
  <testcase classname="console_script.Runner" name="runScenario" time="0.652"/>
  <system-out/>
  <testcase classname="console_script.Runner" name="runScenario" time="0.479"/>
  <system-out/>
  <testcase classname="console_script.Runner" name="runScenario" time="0.036">
    <error message="TODO: implement me" type="io.cucumber.java.PendingException">
      <![CDATA[io.cucumber.java.PendingException: TODO: implement me
at console_script.sanity.get_the_value_on_the_active_customers_on_the_dashboard(sanity.java:179)
at ✽.Get the value on the Active Customers on the dashboard(file:///C:/Users/guruprasad/Desktop/Automation_project/QAconsole_Script/src/main/java/feature_file/sanity_SA.feature:113)
]]>
    </error>
  </testcase> <!-- runScenario -->
  <system-out/>
  <testcase classname="console_script.Runner" name="runScenario" time="0.386"/>
  <system-out/>
  <testcase classname="console_script.Runner" name="runScenario" time="0.307"/>
  <system-out/>
  <testcase classname="console_script.Runner" name="runScenario" time="2.447"/>
  <system-out/>
  <testcase classname="console_script.Runner" name="runScenario" time="0.574"/>
  <system-out/>
  <testcase classname="console_script.Runner" name="runScenario" time="1.851"/>
  <system-out/>
  <testcase classname="console_script.Runner" name="runScenario" time="0.603"/>
  <system-out/>
  <testcase classname="console_script.Runner" name="runScenario" time="1.053"/>
  <system-out/>
  <testcase classname="console_script.Runner" name="runScenario" time="0.312"/>
  <system-out/>
  <testcase classname="console_script.Runner" name="runScenario" time="0.556"/>
  <system-out/>
  <testcase classname="console_script.Runner" name="runScenario" time="4.449"/>
  <system-out/>
  <testcase classname="console_script.Runner" name="runScenario" time="1.019"/>
  <system-out/>
  <testcase classname="console_script.Runner" name="runScenario" time="0.428"/>
  <system-out/>
  <testcase classname="console_script.Runner" name="runScenario" time="0.922"/>
  <system-out/>
  <testcase classname="console_script.Runner" name="runScenario" time="0.339"/>
  <system-out/>
  <testcase classname="console_script.Runner" name="runScenario" time="0.416"/>
  <system-out/>
  <testcase classname="console_script.Runner" name="runScenario" time="0.505"/>
  <system-out/>
  <testcase classname="console_script.Runner" name="runScenario" time="2.810"/>
  <system-out/>
  <testcase classname="console_script.Runner" name="runScenario" time="0.465"/>
  <system-out/>
  <testcase classname="console_script.Runner" name="runScenario" time="0.361"/>
  <system-out/>
  <testcase classname="console_script.Runner" name="runScenario" time="0.777"/>
  <system-out/>
  <testcase classname="console_script.Runner" name="runScenario" time="0.265"/>
  <system-out/>
</testsuite> <!-- console_script.Runner -->
