<?xml version="1.0" encoding="UTF-8"?>
<!-- Generated by org.testng.reporters.JUnitReportReporter -->
<testsuite hostname="CONTUS-LAP-194" failures="0" tests="54" name="console_script.Runner" time="53.890" errors="0" timestamp="2024-10-28T10:34:30 IST" skipped="0">
  <testcase classname="console_script.Runner" name="runScenario" time="1.194"/>
  <system-out/>
  <testcase classname="console_script.Runner" name="runScenario" time="0.360"/>
  <system-out/>
  <testcase classname="console_script.Runner" name="runScenario" time="0.385"/>
  <system-out/>
  <testcase classname="console_script.Runner" name="runScenario" time="0.533"/>
  <system-out/>
  <testcase classname="console_script.Runner" name="runScenario" time="1.054"/>
  <system-out/>
  <testcase classname="console_script.Runner" name="runScenario" time="0.801"/>
  <system-out/>
  <testcase classname="console_script.Runner" name="runScenario" time="0.384"/>
  <system-out/>
  <testcase classname="console_script.Runner" name="runScenario" time="0.874"/>
  <system-out/>
  <testcase classname="console_script.Runner" name="runScenario" time="0.372"/>
  <system-out/>
  <testcase classname="console_script.Runner" name="runScenario" time="2.794"/>
  <system-out/>
  <testcase classname="console_script.Runner" name="runScenario" time="0.848"/>
  <system-out/>
  <testcase classname="console_script.Runner" name="runScenario" time="0.319"/>
  <system-out/>
  <testcase classname="console_script.Runner" name="runScenario" time="0.401"/>
  <system-out/>
  <testcase classname="console_script.Runner" name="runScenario" time="3.370"/>
  <system-out/>
  <testcase classname="console_script.Runner" name="runScenario" time="1.869"/>
  <system-out/>
  <testcase classname="console_script.Runner" name="runScenario" time="0.400"/>
  <system-out/>
  <testcase classname="console_script.Runner" name="runScenario" time="0.429"/>
  <system-out/>
  <testcase classname="console_script.Runner" name="runScenario" time="0.748"/>
  <system-out/>
  <testcase classname="console_script.Runner" name="runScenario" time="0.572"/>
  <system-out/>
  <testcase classname="console_script.Runner" name="runScenario" time="0.318"/>
  <system-out/>
  <testcase classname="console_script.Runner" name="runScenario" time="0.445"/>
  <system-out/>
  <testcase classname="console_script.Runner" name="runScenario" time="0.353"/>
  <system-out/>
  <testcase classname="console_script.Runner" name="runScenario" time="2.484"/>
  <system-out/>
  <testcase classname="console_script.Runner" name="runScenario" time="0.312"/>
  <system-out/>
  <testcase classname="console_script.Runner" name="runScenario" time="0.285"/>
  <system-out/>
  <testcase classname="console_script.Runner" name="runScenario" time="0.468"/>
  <system-out/>
  <testcase classname="console_script.Runner" name="runScenario" time="0.361"/>
  <system-out/>
  <testcase classname="console_script.Runner" name="runScenario" time="0.611"/>
  <system-out/>
  <testcase classname="console_script.Runner" name="runScenario" time="0.782"/>
  <system-out/>
  <testcase classname="console_script.Runner" name="runScenario" time="2.195"/>
  <system-out/>
  <testcase classname="console_script.Runner" name="runScenario" time="1.319"/>
  <system-out/>
  <testcase classname="console_script.Runner" name="runScenario" time="0.658"/>
  <system-out/>
  <testcase classname="console_script.Runner" name="runScenario" time="4.244"/>
  <system-out/>
  <testcase classname="console_script.Runner" name="runScenario" time="0.332"/>
  <system-out/>
  <testcase classname="console_script.Runner" name="runScenario" time="0.995"/>
  <system-out/>
  <testcase classname="console_script.Runner" name="runScenario" time="2.248"/>
  <system-out/>
  <testcase classname="console_script.Runner" name="runScenario" time="1.111"/>
  <system-out/>
  <testcase classname="console_script.Runner" name="runScenario" time="0.818"/>
  <system-out/>
  <testcase classname="console_script.Runner" name="runScenario" time="0.454"/>
  <system-out/>
  <testcase classname="console_script.Runner" name="runScenario" time="0.442"/>
  <system-out/>
  <testcase classname="console_script.Runner" name="runScenario" time="1.993"/>
  <system-out/>
  <testcase classname="console_script.Runner" name="runScenario" time="2.476"/>
  <system-out/>
  <testcase classname="console_script.Runner" name="runScenario" time="0.825"/>
  <system-out/>
  <testcase classname="console_script.Runner" name="runScenario" time="1.045"/>
  <system-out/>
  <testcase classname="console_script.Runner" name="runScenario" time="0.450"/>
  <system-out/>
  <testcase classname="console_script.Runner" name="runScenario" time="0.291"/>
  <system-out/>
  <testcase classname="console_script.Runner" name="runScenario" time="0.369"/>
  <system-out/>
  <testcase classname="console_script.Runner" name="runScenario" time="0.463"/>
  <system-out/>
  <testcase classname="console_script.Runner" name="runScenario" time="0.365"/>
  <system-out/>
  <testcase classname="console_script.Runner" name="runScenario" time="2.528"/>
  <system-out/>
  <testcase classname="console_script.Runner" name="runScenario" time="0.646"/>
  <system-out/>
  <testcase classname="console_script.Runner" name="runScenario" time="1.099"/>
  <system-out/>
  <testcase classname="console_script.Runner" name="runScenario" time="1.672"/>
  <system-out/>
  <testcase classname="console_script.Runner" name="runScenario" time="0.726"/>
  <system-out/>
</testsuite> <!-- console_script.Runner -->
